2021-08-12 14:35:27,718 INFO org.bmn.knowledgemanagementsystem.KnowledgeManagementSystemApplication [restartedMain] Starting KnowledgeManagementSystemApplication using Java 16 on SMT with PID 10108 (D:\Java\JavaProject\knowledge-management-system\build\classes\java\main started by SMT1 in D:\Java\JavaProject\knowledge-management-system)
2021-08-12 14:35:27,721 DEBUG org.bmn.knowledgemanagementsystem.KnowledgeManagementSystemApplication [restartedMain] Running with Spring Boot v2.5.3, Spring v5.3.9
2021-08-12 14:35:27,721 INFO org.bmn.knowledgemanagementsystem.KnowledgeManagementSystemApplication [restartedMain] No active profile set, falling back to default profiles: default
2021-08-12 14:35:32,625 INFO org.bmn.knowledgemanagementsystem.KnowledgeManagementSystemApplication [restartedMain] Started KnowledgeManagementSystemApplication in 5.377 seconds (JVM running for 6.234)
2021-08-12 14:37:38,440 INFO org.bmn.knowledgemanagementsystem.KnowledgeManagementSystemApplication [restartedMain] Starting KnowledgeManagementSystemApplication using Java 16 on SMT with PID 20272 (D:\Java\JavaProject\knowledge-management-system\build\classes\java\main started by SMT1 in D:\Java\JavaProject\knowledge-management-system)
2021-08-12 14:37:38,442 DEBUG org.bmn.knowledgemanagementsystem.KnowledgeManagementSystemApplication [restartedMain] Running with Spring Boot v2.5.3, Spring v5.3.9
2021-08-12 14:37:38,442 INFO org.bmn.knowledgemanagementsystem.KnowledgeManagementSystemApplication [restartedMain] No active profile set, falling back to default profiles: default
2021-08-12 14:37:43,349 INFO org.bmn.knowledgemanagementsystem.KnowledgeManagementSystemApplication [restartedMain] Started KnowledgeManagementSystemApplication in 5.389 seconds (JVM running for 6.131)
2021-08-12 14:38:55,443 INFO org.bmn.knowledgemanagementsystem.KnowledgeManagementSystemApplication [restartedMain] Starting KnowledgeManagementSystemApplication using Java 16 on SMT with PID 21088 (D:\Java\JavaProject\knowledge-management-system\build\classes\java\main started by SMT1 in D:\Java\JavaProject\knowledge-management-system)
2021-08-12 14:38:55,445 DEBUG org.bmn.knowledgemanagementsystem.KnowledgeManagementSystemApplication [restartedMain] Running with Spring Boot v2.5.3, Spring v5.3.9
2021-08-12 14:38:55,446 INFO org.bmn.knowledgemanagementsystem.KnowledgeManagementSystemApplication [restartedMain] No active profile set, falling back to default profiles: default
2021-08-12 14:39:00,318 INFO org.bmn.knowledgemanagementsystem.KnowledgeManagementSystemApplication [restartedMain] Started KnowledgeManagementSystemApplication in 5.368 seconds (JVM running for 6.099)
2021-08-12 14:39:11,628 DEBUG org.bmn.knowledgemanagementsystem.controller.DirectoryController [http-nio-8080-exec-1] >>>>>>> create directory 
2021-08-12 14:40:04,206 INFO org.bmn.knowledgemanagementsystem.KnowledgeManagementSystemApplication [restartedMain] Starting KnowledgeManagementSystemApplication using Java 16 on SMT with PID 16988 (D:\Java\JavaProject\knowledge-management-system\build\classes\java\main started by SMT1 in D:\Java\JavaProject\knowledge-management-system)
2021-08-12 14:40:04,209 DEBUG org.bmn.knowledgemanagementsystem.KnowledgeManagementSystemApplication [restartedMain] Running with Spring Boot v2.5.3, Spring v5.3.9
2021-08-12 14:40:04,209 INFO org.bmn.knowledgemanagementsystem.KnowledgeManagementSystemApplication [restartedMain] No active profile set, falling back to default profiles: default
2021-08-12 14:40:09,087 INFO org.bmn.knowledgemanagementsystem.KnowledgeManagementSystemApplication [restartedMain] Started KnowledgeManagementSystemApplication in 5.369 seconds (JVM running for 6.119)
2021-08-12 14:40:41,418 DEBUG org.bmn.knowledgemanagementsystem.controller.DirectoryController [http-nio-8080-exec-1] >>>>>>> create directory 
2021-08-12 14:40:41,505 ERROR org.hibernate.engine.jdbc.spi.SqlExceptionHelper [http-nio-8080-exec-1] ERROR: duplicate key value violates unique constraint "uc_directory_name"
  Подробности: Key (name)=(Spanish_dnss) already exists.
2021-08-12 14:40:41,514 ERROR org.apache.catalina.core.ContainerBase.[Tomcat].[localhost].[/].[dispatcherServlet] [http-nio-8080-exec-1] Servlet.service() for servlet [dispatcherServlet] in context with path [] threw exception [Request processing failed; nested exception is org.springframework.dao.DataIntegrityViolationException: could not execute statement; SQL [n/a]; constraint [uc_directory_name]; nested exception is org.hibernate.exception.ConstraintViolationException: could not execute statement] with root cause
org.postgresql.util.PSQLException: ERROR: duplicate key value violates unique constraint "uc_directory_name"
  Подробности: Key (name)=(Spanish_dnss) already exists.
	at org.postgresql.core.v3.QueryExecutorImpl.receiveErrorResponse(QueryExecutorImpl.java:2552)
	at org.postgresql.core.v3.QueryExecutorImpl.processResults(QueryExecutorImpl.java:2284)
	at org.postgresql.core.v3.QueryExecutorImpl.execute(QueryExecutorImpl.java:322)
	at org.postgresql.jdbc.PgStatement.executeInternal(PgStatement.java:481)
	at org.postgresql.jdbc.PgStatement.execute(PgStatement.java:401)
	at org.postgresql.jdbc.PgPreparedStatement.executeWithFlags(PgPreparedStatement.java:164)
	at org.postgresql.jdbc.PgPreparedStatement.executeUpdate(PgPreparedStatement.java:130)
	at com.zaxxer.hikari.pool.ProxyPreparedStatement.executeUpdate(ProxyPreparedStatement.java:61)
	at com.zaxxer.hikari.pool.HikariProxyPreparedStatement.executeUpdate(HikariProxyPreparedStatement.java)
	at org.hibernate.engine.jdbc.internal.ResultSetReturnImpl.executeUpdate(ResultSetReturnImpl.java:197)
	at org.hibernate.persister.entity.AbstractEntityPersister.insert(AbstractEntityPersister.java:3298)
	at org.hibernate.persister.entity.AbstractEntityPersister.insert(AbstractEntityPersister.java:3825)
	at org.hibernate.action.internal.EntityInsertAction.execute(EntityInsertAction.java:107)
	at org.hibernate.engine.spi.ActionQueue.executeActions(ActionQueue.java:604)
	at org.hibernate.engine.spi.ActionQueue.lambda$executeActions$1(ActionQueue.java:478)
	at java.base/java.util.LinkedHashMap.forEach(LinkedHashMap.java:723)
	at org.hibernate.engine.spi.ActionQueue.executeActions(ActionQueue.java:475)
	at org.hibernate.event.internal.AbstractFlushingEventListener.performExecutions(AbstractFlushingEventListener.java:344)
	at org.hibernate.event.internal.DefaultFlushEventListener.onFlush(DefaultFlushEventListener.java:40)
	at org.hibernate.event.service.internal.EventListenerGroupImpl.fireEventOnEachListener(EventListenerGroupImpl.java:99)
	at org.hibernate.internal.SessionImpl.doFlush(SessionImpl.java:1362)
	at org.hibernate.internal.SessionImpl.managedFlush(SessionImpl.java:453)
	at org.hibernate.internal.SessionImpl.flushBeforeTransactionCompletion(SessionImpl.java:3212)
	at org.hibernate.internal.SessionImpl.beforeTransactionCompletion(SessionImpl.java:2380)
	at org.hibernate.engine.jdbc.internal.JdbcCoordinatorImpl.beforeTransactionCompletion(JdbcCoordinatorImpl.java:448)
	at org.hibernate.resource.transaction.backend.jdbc.internal.JdbcResourceLocalTransactionCoordinatorImpl.beforeCompletionCallback(JdbcResourceLocalTransactionCoordinatorImpl.java:183)
	at org.hibernate.resource.transaction.backend.jdbc.internal.JdbcResourceLocalTransactionCoordinatorImpl.access$300(JdbcResourceLocalTransactionCoordinatorImpl.java:40)
	at org.hibernate.resource.transaction.backend.jdbc.internal.JdbcResourceLocalTransactionCoordinatorImpl$TransactionDriverControlImpl.commit(JdbcResourceLocalTransactionCoordinatorImpl.java:281)
	at org.hibernate.engine.transaction.internal.TransactionImpl.commit(TransactionImpl.java:101)
	at org.springframework.orm.jpa.JpaTransactionManager.doCommit(JpaTransactionManager.java:562)
	at org.springframework.transaction.support.AbstractPlatformTransactionManager.processCommit(AbstractPlatformTransactionManager.java:743)
	at org.springframework.transaction.support.AbstractPlatformTransactionManager.commit(AbstractPlatformTransactionManager.java:711)
	at org.springframework.transaction.interceptor.TransactionAspectSupport.commitTransactionAfterReturning(TransactionAspectSupport.java:654)
	at org.springframework.transaction.interceptor.TransactionAspectSupport.invokeWithinTransaction(TransactionAspectSupport.java:407)
	at org.springframework.transaction.interceptor.TransactionInterceptor.invoke(TransactionInterceptor.java:119)
	at org.springframework.aop.framework.ReflectiveMethodInvocation.proceed(ReflectiveMethodInvocation.java:186)
	at org.springframework.aop.framework.CglibAopProxy$CglibMethodInvocation.proceed(CglibAopProxy.java:750)
	at org.springframework.aop.framework.CglibAopProxy$DynamicAdvisedInterceptor.intercept(CglibAopProxy.java:692)
	at org.bmn.knowledgemanagementsystem.service.impl.DirectoryServiceImpl$$EnhancerBySpringCGLIB$$7ed2ab86.save(<generated>)
	at org.bmn.knowledgemanagementsystem.controller.DirectoryController.createDirectory(DirectoryController.java:36)
	at java.base/jdk.internal.reflect.NativeMethodAccessorImpl.invoke0(Native Method)
	at java.base/jdk.internal.reflect.NativeMethodAccessorImpl.invoke(NativeMethodAccessorImpl.java:78)
	at java.base/jdk.internal.reflect.DelegatingMethodAccessorImpl.invoke(DelegatingMethodAccessorImpl.java:43)
	at java.base/java.lang.reflect.Method.invoke(Method.java:567)
	at org.springframework.web.method.support.InvocableHandlerMethod.doInvoke(InvocableHandlerMethod.java:197)
	at org.springframework.web.method.support.InvocableHandlerMethod.invokeForRequest(InvocableHandlerMethod.java:141)
	at org.springframework.web.servlet.mvc.method.annotation.ServletInvocableHandlerMethod.invokeAndHandle(ServletInvocableHandlerMethod.java:106)
	at org.springframework.web.servlet.mvc.method.annotation.RequestMappingHandlerAdapter.invokeHandlerMethod(RequestMappingHandlerAdapter.java:895)
	at org.springframework.web.servlet.mvc.method.annotation.RequestMappingHandlerAdapter.handleInternal(RequestMappingHandlerAdapter.java:808)
	at org.springframework.web.servlet.mvc.method.AbstractHandlerMethodAdapter.handle(AbstractHandlerMethodAdapter.java:87)
	at org.springframework.web.servlet.DispatcherServlet.doDispatch(DispatcherServlet.java:1064)
	at org.springframework.web.servlet.DispatcherServlet.doService(DispatcherServlet.java:963)
	at org.springframework.web.servlet.FrameworkServlet.processRequest(FrameworkServlet.java:1006)
	at org.springframework.web.servlet.FrameworkServlet.doPost(FrameworkServlet.java:909)
	at javax.servlet.http.HttpServlet.service(HttpServlet.java:681)
	at org.springframework.web.servlet.FrameworkServlet.service(FrameworkServlet.java:883)
	at javax.servlet.http.HttpServlet.service(HttpServlet.java:764)
	at org.apache.catalina.core.ApplicationFilterChain.internalDoFilter(ApplicationFilterChain.java:228)
	at org.apache.catalina.core.ApplicationFilterChain.doFilter(ApplicationFilterChain.java:163)
	at org.apache.tomcat.websocket.server.WsFilter.doFilter(WsFilter.java:53)
	at org.apache.catalina.core.ApplicationFilterChain.internalDoFilter(ApplicationFilterChain.java:190)
	at org.apache.catalina.core.ApplicationFilterChain.doFilter(ApplicationFilterChain.java:163)
	at org.springframework.web.filter.RequestContextFilter.doFilterInternal(RequestContextFilter.java:100)
	at org.springframework.web.filter.OncePerRequestFilter.doFilter(OncePerRequestFilter.java:119)
	at org.apache.catalina.core.ApplicationFilterChain.internalDoFilter(ApplicationFilterChain.java:190)
	at org.apache.catalina.core.ApplicationFilterChain.doFilter(ApplicationFilterChain.java:163)
	at org.springframework.web.filter.FormContentFilter.doFilterInternal(FormContentFilter.java:93)
	at org.springframework.web.filter.OncePerRequestFilter.doFilter(OncePerRequestFilter.java:119)
	at org.apache.catalina.core.ApplicationFilterChain.internalDoFilter(ApplicationFilterChain.java:190)
	at org.apache.catalina.core.ApplicationFilterChain.doFilter(ApplicationFilterChain.java:163)
	at org.springframework.web.filter.CharacterEncodingFilter.doFilterInternal(CharacterEncodingFilter.java:201)
	at org.springframework.web.filter.OncePerRequestFilter.doFilter(OncePerRequestFilter.java:119)
	at org.apache.catalina.core.ApplicationFilterChain.internalDoFilter(ApplicationFilterChain.java:190)
	at org.apache.catalina.core.ApplicationFilterChain.doFilter(ApplicationFilterChain.java:163)
	at org.apache.catalina.core.StandardWrapperValve.invoke(StandardWrapperValve.java:202)
	at org.apache.catalina.core.StandardContextValve.invoke(StandardContextValve.java:97)
	at org.apache.catalina.authenticator.AuthenticatorBase.invoke(AuthenticatorBase.java:542)
	at org.apache.catalina.core.StandardHostValve.invoke(StandardHostValve.java:143)
	at org.apache.catalina.valves.ErrorReportValve.invoke(ErrorReportValve.java:92)
	at org.apache.catalina.core.StandardEngineValve.invoke(StandardEngineValve.java:78)
	at org.apache.catalina.connector.CoyoteAdapter.service(CoyoteAdapter.java:357)
	at org.apache.coyote.http11.Http11Processor.service(Http11Processor.java:382)
	at org.apache.coyote.AbstractProcessorLight.process(AbstractProcessorLight.java:65)
	at org.apache.coyote.AbstractProtocol$ConnectionHandler.process(AbstractProtocol.java:893)
	at org.apache.tomcat.util.net.NioEndpoint$SocketProcessor.doRun(NioEndpoint.java:1723)
	at org.apache.tomcat.util.net.SocketProcessorBase.run(SocketProcessorBase.java:49)
	at java.base/java.util.concurrent.ThreadPoolExecutor.runWorker(ThreadPoolExecutor.java:1130)
	at java.base/java.util.concurrent.ThreadPoolExecutor$Worker.run(ThreadPoolExecutor.java:630)
	at org.apache.tomcat.util.threads.TaskThread$WrappingRunnable.run(TaskThread.java:61)
	at java.base/java.lang.Thread.run(Thread.java:831)
2021-08-12 16:05:52,427 INFO org.bmn.knowledgemanagementsystem.KnowledgeManagementSystemApplication [restartedMain] Starting KnowledgeManagementSystemApplication using Java 16 on SMT with PID 4136 (D:\Java\JavaProject\knowledge-management-system\build\classes\java\main started by SMT1 in D:\Java\JavaProject\knowledge-management-system)
2021-08-12 16:05:52,429 DEBUG org.bmn.knowledgemanagementsystem.KnowledgeManagementSystemApplication [restartedMain] Running with Spring Boot v2.5.3, Spring v5.3.9
2021-08-12 16:05:52,430 INFO org.bmn.knowledgemanagementsystem.KnowledgeManagementSystemApplication [restartedMain] No active profile set, falling back to default profiles: default
2021-08-12 16:05:57,273 INFO org.bmn.knowledgemanagementsystem.KnowledgeManagementSystemApplication [restartedMain] Started KnowledgeManagementSystemApplication in 5.317 seconds (JVM running for 6.033)
2021-08-12 16:06:16,625 ERROR org.bmn.knowledgemanagementsystem.exception.CustomGlobalExceptionHandler [http-nio-8080-exec-1] 
2021-08-12 16:10:22,449 INFO org.bmn.knowledgemanagementsystem.KnowledgeManagementSystemApplication [restartedMain] Starting KnowledgeManagementSystemApplication using Java 16 on SMT with PID 13948 (D:\Java\JavaProject\knowledge-management-system\build\classes\java\main started by SMT1 in D:\Java\JavaProject\knowledge-management-system)
2021-08-12 16:10:22,452 DEBUG org.bmn.knowledgemanagementsystem.KnowledgeManagementSystemApplication [restartedMain] Running with Spring Boot v2.5.3, Spring v5.3.9
2021-08-12 16:10:22,452 INFO org.bmn.knowledgemanagementsystem.KnowledgeManagementSystemApplication [restartedMain] No active profile set, falling back to default profiles: default
2021-08-12 16:10:27,384 INFO org.bmn.knowledgemanagementsystem.KnowledgeManagementSystemApplication [restartedMain] Started KnowledgeManagementSystemApplication in 5.42 seconds (JVM running for 6.171)
2021-08-12 16:10:40,629 ERROR org.bmn.knowledgemanagementsystem.exception.CustomGlobalExceptionHandler [http-nio-8080-exec-1] timestampThu Aug 12 16:10:40 MSK 2021
2021-08-12 16:10:40,630 ERROR org.bmn.knowledgemanagementsystem.exception.CustomGlobalExceptionHandler [http-nio-8080-exec-1] status400
2021-08-12 16:10:40,630 ERROR org.bmn.knowledgemanagementsystem.exception.CustomGlobalExceptionHandler [http-nio-8080-exec-1] errors[the folder name can be from 1 to 100 characters, the folder name cannot be empty]
2021-08-12 16:15:08,287 INFO org.bmn.knowledgemanagementsystem.KnowledgeManagementSystemApplication [restartedMain] Starting KnowledgeManagementSystemApplication using Java 16 on SMT with PID 12260 (D:\Java\JavaProject\knowledge-management-system\build\classes\java\main started by SMT1 in D:\Java\JavaProject\knowledge-management-system)
2021-08-12 16:15:08,290 DEBUG org.bmn.knowledgemanagementsystem.KnowledgeManagementSystemApplication [restartedMain] Running with Spring Boot v2.5.3, Spring v5.3.9
2021-08-12 16:15:08,290 INFO org.bmn.knowledgemanagementsystem.KnowledgeManagementSystemApplication [restartedMain] No active profile set, falling back to default profiles: default
2021-08-12 16:15:13,102 INFO org.bmn.knowledgemanagementsystem.KnowledgeManagementSystemApplication [restartedMain] Started KnowledgeManagementSystemApplication in 5.277 seconds (JVM running for 6.001)
2021-08-12 16:15:20,236 WARN org.bmn.knowledgemanagementsystem.exception.CustomGlobalExceptionHandler [http-nio-8080-exec-1] [the folder name cannot be empty, the folder name can be from 1 to 100 characters] 400 BAD_REQUEST
